2025-10-03 12:48:25,989 - __main__ - INFO - Inicializando aplicación UAT Tool...
2025-10-03 12:48:26,244 - __main__ - INFO - Configurando servicios...
2025-10-03 12:48:26,245 - uat_tool.application.app_context - INFO - Inicializando ApplicationContext...
2025-10-03 12:48:26,245 - uat_tool.application.app_context - INFO - Inicializando base de datos...
2025-10-03 12:48:26,454 - uat_tool.application.app_context - INFO - Base de datos inicializada correctamente
2025-10-03 12:48:26,474 - uat_tool.application.app_context - INFO - Inicializando servicios...
2025-10-03 12:48:26,474 - uat_tool.application.app_context - INFO - Servicios inicializados correctamente
2025-10-03 12:48:26,475 - uat_tool.application.app_context - INFO - ApplicationContext inicializado correctamente
2025-10-03 12:48:26,476 - __main__ - INFO - Configurando interfaz...
2025-10-03 12:48:26,477 - uat_tool.presentation.controllers.main_controller - INFO - Inicializando controlador principal...
2025-10-03 12:48:26,478 - uat_tool.presentation.controllers.main_controller - INFO - Inicializando controladores de pestañas...
2025-10-03 12:48:26,507 - uat_tool.presentation.controllers.base_tab_controller - INFO - Pestaña bugs activada
2025-10-03 12:48:26,530 - uat_tool.presentation.controllers.main_controller - ERROR - Error en pestaña bugs: Error cargando datos: BugServiceDTO.__init__() missing 2 required positional arguments: 'modified_by' and 'environment_id'
2025-10-03 12:48:26,530 - uat_tool.presentation.controllers.main_controller - INFO - Cambiado a pestaña: bugs
2025-10-03 12:48:26,531 - uat_tool.presentation.controllers.main_controller - INFO - Controladores de pestañas inicializados: ['bugs', 'campaigns', 'test_management', 'requirements', 'assets']
2025-10-03 12:48:27,044 - __main__ - INFO - Aplicación list
2025-10-03 12:48:27,044 - __main__ - INFO - Mostrando ventana principal...
2025-10-03 12:48:29,413 - uat_tool.presentation.controllers.main_controller - INFO - Cerrando controlador principal...
2025-10-03 12:48:29,413 - uat_tool.presentation.controllers.base_tab_controller - INFO - Cerrando controlador de bugs
2025-10-03 12:48:29,414 - presentation.controllers.base_tab_controller - INFO - Cerrando controlador de campaigns
2025-10-03 12:48:29,414 - presentation.controllers.base_tab_controller - INFO - Cerrando controlador de test_management
2025-10-03 12:48:29,415 - presentation.controllers.base_tab_controller - INFO - Cerrando controlador de requirements
2025-10-03 12:48:29,415 - presentation.controllers.base_tab_controller - INFO - Cerrando controlador de assets
2025-10-03 12:48:29,416 - uat_tool.presentation.controllers.main_controller - INFO - Controlador principal cerrado correctamente
2025-10-03 12:48:29,443 - __main__ - INFO - Aplicación finalizada
2025-10-03 12:48:29,444 - uat_tool.presentation.controllers.main_controller - INFO - Cerrando controlador principal...
2025-10-03 12:48:29,445 - uat_tool.presentation.controllers.main_controller - INFO - Controlador principal cerrado correctamente
2025-10-03 12:48:29,447 - uat_tool.application.app_context - INFO - Cerrando ApplicationContext...
2025-10-03 12:48:29,448 - uat_tool.application.app_context - INFO - ApplicationContext cerrado correctamente
2025-10-03 12:52:14,230 - __main__ - INFO - Inicializando UAT Tool...
2025-10-03 12:52:14,262 - __main__ - INFO - Configurando capa de aplicación...
2025-10-03 12:52:14,263 - uat_tool.application.app_context - INFO - Inicializando ApplicationContext...
2025-10-03 12:52:14,263 - uat_tool.application.app_context - INFO - Inicializando base de datos...
2025-10-03 12:52:14,395 - uat_tool.application.app_context - INFO - Base de datos inicializada correctamente
2025-10-03 12:52:14,396 - uat_tool.application.app_context - INFO - Inicializando servicios...
2025-10-03 12:52:14,397 - uat_tool.application.app_context - INFO - Servicios inicializados correctamente
2025-10-03 12:52:14,397 - uat_tool.application.app_context - INFO - ApplicationContext inicializado correctamente
2025-10-03 12:52:14,398 - __main__ - INFO - Configurando interfaz...
2025-10-03 12:52:14,398 - uat_tool.presentation.controllers.main_controller - INFO - Inicializando controlador principal...
2025-10-03 12:52:14,399 - uat_tool.presentation.controllers.main_controller - INFO - Inicializando controladores de pestañas...
2025-10-03 12:52:14,406 - uat_tool.presentation.controllers.base_tab_controller - INFO - Pestaña bugs activada
2025-10-03 12:52:14,413 - uat_tool.presentation.controllers.main_controller - ERROR - Error en pestaña bugs: Error cargando datos: BugServiceDTO.__init__() missing 2 required positional arguments: 'modified_by' and 'environment_id'
2025-10-03 12:52:14,414 - uat_tool.presentation.controllers.main_controller - INFO - Cambiado a pestaña: bugs
2025-10-03 12:52:14,415 - uat_tool.presentation.controllers.main_controller - INFO - Controladores de pestañas inicializados: ['bugs', 'campaigns', 'test_management', 'requirements', 'assets']
2025-10-03 12:52:14,440 - __main__ - INFO - Aplicación lista
2025-10-03 12:52:14,441 - __main__ - INFO - Mostrando ventana principal...
2025-10-03 12:52:24,396 - uat_tool.presentation.controllers.main_controller - INFO - Cerrando controlador principal...
2025-10-03 12:52:24,397 - uat_tool.presentation.controllers.base_tab_controller - INFO - Cerrando controlador de bugs
2025-10-03 12:52:24,397 - presentation.controllers.base_tab_controller - INFO - Cerrando controlador de campaigns
2025-10-03 12:52:24,398 - presentation.controllers.base_tab_controller - INFO - Cerrando controlador de test_management
2025-10-03 12:52:24,399 - presentation.controllers.base_tab_controller - INFO - Cerrando controlador de requirements
2025-10-03 12:52:24,399 - presentation.controllers.base_tab_controller - INFO - Cerrando controlador de assets
2025-10-03 12:52:24,400 - uat_tool.presentation.controllers.main_controller - INFO - Controlador principal cerrado correctamente
2025-10-03 12:52:24,428 - __main__ - INFO - Aplicación finalizada
2025-10-03 12:52:24,429 - uat_tool.presentation.controllers.main_controller - INFO - Cerrando controlador principal...
2025-10-03 12:52:24,430 - uat_tool.presentation.controllers.main_controller - INFO - Controlador principal cerrado correctamente
2025-10-03 12:52:24,431 - uat_tool.application.app_context - INFO - Cerrando ApplicationContext...
2025-10-03 12:52:24,432 - uat_tool.application.app_context - INFO - ApplicationContext cerrado correctamente
2025-10-03 12:53:28,015 - __main__ - INFO - Inicializando UAT Tool...
2025-10-03 12:53:28,050 - __main__ - INFO - Configurando capa de aplicación...
2025-10-03 12:53:28,051 - uat_tool.application.app_context - INFO - Inicializando ApplicationContext...
2025-10-03 12:53:28,051 - uat_tool.application.app_context - INFO - Inicializando base de datos...
2025-10-03 12:53:28,188 - uat_tool.application.app_context - INFO - Base de datos inicializada correctamente
2025-10-03 12:53:28,189 - uat_tool.application.app_context - INFO - Inicializando servicios...
2025-10-03 12:53:28,189 - uat_tool.application.app_context - INFO - Servicios inicializados correctamente
2025-10-03 12:53:28,190 - uat_tool.application.app_context - INFO - ApplicationContext inicializado correctamente
2025-10-03 12:53:28,190 - __main__ - INFO - Configurando interfaz...
2025-10-03 12:53:28,191 - uat_tool.presentation.controllers.main_controller - INFO - Inicializando controlador principal...
2025-10-03 12:53:28,191 - uat_tool.presentation.controllers.main_controller - INFO - Inicializando controladores de pestañas...
2025-10-03 12:53:28,200 - uat_tool.presentation.controllers.base_tab_controller - INFO - Pestaña bugs activada
2025-10-03 12:53:28,207 - uat_tool.presentation.controllers.main_controller - ERROR - Error en pestaña bugs: Error cargando datos: BugServiceDTO.__init__() missing 2 required positional arguments: 'modified_by' and 'environment_id'
2025-10-03 12:53:28,209 - uat_tool.presentation.controllers.main_controller - INFO - Cambiado a pestaña: bugs
2025-10-03 12:53:28,210 - uat_tool.presentation.controllers.main_controller - INFO - Controladores de pestañas inicializados: ['bugs', 'campaigns', 'test_management', 'requirements', 'assets']
2025-10-03 12:53:28,236 - __main__ - INFO - Aplicación lista
2025-10-03 12:53:28,237 - __main__ - INFO - Mostrando ventana principal...
2025-10-03 13:04:54,562 - uat_tool.presentation.controllers.main_controller - INFO - Cerrando controlador principal...
2025-10-03 13:04:54,562 - uat_tool.presentation.controllers.base_tab_controller - INFO - Cerrando controlador de bugs
2025-10-03 13:04:54,563 - presentation.controllers.base_tab_controller - INFO - Cerrando controlador de campaigns
2025-10-03 13:04:54,564 - presentation.controllers.base_tab_controller - INFO - Cerrando controlador de test_management
2025-10-03 13:04:54,564 - presentation.controllers.base_tab_controller - INFO - Cerrando controlador de requirements
2025-10-03 13:04:54,564 - presentation.controllers.base_tab_controller - INFO - Cerrando controlador de assets
2025-10-03 13:04:54,565 - uat_tool.presentation.controllers.main_controller - INFO - Controlador principal cerrado correctamente
2025-10-03 13:04:54,585 - __main__ - INFO - Aplicación finalizada
2025-10-03 13:04:54,586 - uat_tool.presentation.controllers.main_controller - INFO - Cerrando controlador principal...
2025-10-03 13:04:54,587 - uat_tool.presentation.controllers.main_controller - INFO - Controlador principal cerrado correctamente
2025-10-03 13:04:54,588 - uat_tool.application.app_context - INFO - Cerrando ApplicationContext...
2025-10-03 13:04:54,589 - uat_tool.application.app_context - INFO - ApplicationContext cerrado correctamente
2025-10-06 10:51:52,427 - __main__ - INFO - Inicializando UAT Tool...
2025-10-06 10:51:52,860 - __main__ - INFO - Configurando capa de aplicación...
2025-10-06 10:51:52,861 - uat_tool.application.app_context - INFO - Inicializando ApplicationContext...
2025-10-06 10:51:52,862 - uat_tool.application.app_context - INFO - Inicializando base de datos...
2025-10-06 10:51:53,028 - uat_tool.application.app_context - INFO - Base de datos inicializada correctamente
2025-10-06 10:51:53,029 - uat_tool.application.app_context - INFO - Inicializando servicios...
2025-10-06 10:51:53,029 - uat_tool.application.app_context - INFO - Servicios inicializados correctamente
2025-10-06 10:51:53,029 - uat_tool.application.app_context - INFO - ApplicationContext inicializado correctamente
2025-10-06 10:51:53,030 - __main__ - INFO - Configurando interfaz...
2025-10-06 10:51:53,031 - uat_tool.presentation.controllers.main_controller - INFO - Inicializando controlador principal...
2025-10-06 10:51:53,031 - uat_tool.presentation.controllers.main_controller - INFO - Inicializando controladores de pestañas...
2025-10-06 10:51:53,040 - uat_tool.presentation.controllers.main_controller - INFO - Controladores de pestañas inicializados: ['bugs', 'campaigns', 'test_management', 'requirements', 'assets']
2025-10-06 10:51:53,041 - uat_tool.presentation.controllers.base_tab_controller - INFO - Pestaña bugs activada
2025-10-06 10:51:53,042 - uat_tool.application.services.base_service - INFO - Operación 'get_all_for_table' en Bugs
2025-10-06 10:51:53,043 - uat_tool.application.services.base_service - INFO - Operación 'get_all' en Bugs
2025-10-06 10:51:53,047 - uat_tool.presentation.controllers.main_controller - ERROR - Error en pestaña bugs: Error cargando datos: Instance <Bug at 0x250e52e1a80> is not bound to a Session; attribute refresh operation cannot proceed (Background on this error at: https://sqlalche.me/e/20/bhk3)
2025-10-06 10:51:53,047 - uat_tool.presentation.controllers.main_controller - INFO - Cambiado a pestaña: bugs
2025-10-06 10:51:53,642 - __main__ - INFO - Aplicación lista
2025-10-06 10:51:53,642 - __main__ - INFO - Mostrando ventana principal...
2025-10-06 10:52:02,851 - uat_tool.presentation.controllers.main_controller - INFO - Cerrando controlador principal...
2025-10-06 10:52:02,851 - uat_tool.presentation.controllers.base_tab_controller - INFO - Cerrando controlador de bugs
2025-10-06 10:52:02,852 - presentation.controllers.base_tab_controller - INFO - Cerrando controlador de campaigns
2025-10-06 10:52:02,852 - presentation.controllers.base_tab_controller - INFO - Cerrando controlador de test_management
2025-10-06 10:52:02,853 - presentation.controllers.base_tab_controller - INFO - Cerrando controlador de requirements
2025-10-06 10:52:02,853 - presentation.controllers.base_tab_controller - INFO - Cerrando controlador de assets
2025-10-06 10:52:02,854 - uat_tool.presentation.controllers.main_controller - INFO - Controlador principal cerrado correctamente
2025-10-06 10:52:02,883 - __main__ - INFO - Aplicación finalizada
2025-10-06 10:52:02,884 - uat_tool.presentation.controllers.main_controller - INFO - Cerrando controlador principal...
2025-10-06 10:52:02,885 - uat_tool.presentation.controllers.main_controller - INFO - Controlador principal cerrado correctamente
2025-10-06 10:52:02,886 - uat_tool.application.app_context - INFO - Cerrando ApplicationContext...
2025-10-06 10:52:02,887 - uat_tool.application.app_context - INFO - ApplicationContext cerrado correctamente
2025-10-06 10:54:22,018 - __main__ - INFO - Inicializando UAT Tool...
2025-10-06 10:54:22,049 - __main__ - INFO - Configurando capa de aplicación...
2025-10-06 10:54:22,050 - uat_tool.application.app_context - INFO - Inicializando ApplicationContext...
2025-10-06 10:54:22,050 - uat_tool.application.app_context - INFO - Inicializando base de datos...
2025-10-06 10:54:22,164 - uat_tool.application.app_context - INFO - Base de datos inicializada correctamente
2025-10-06 10:54:22,166 - uat_tool.application.app_context - INFO - Inicializando servicios...
2025-10-06 10:54:22,166 - uat_tool.application.app_context - INFO - Servicios inicializados correctamente
2025-10-06 10:54:22,167 - uat_tool.application.app_context - INFO - ApplicationContext inicializado correctamente
2025-10-06 10:54:22,167 - __main__ - INFO - Configurando interfaz...
2025-10-06 10:54:22,168 - uat_tool.presentation.controllers.main_controller - INFO - Inicializando controlador principal...
2025-10-06 10:54:22,168 - uat_tool.presentation.controllers.main_controller - INFO - Inicializando controladores de pestañas...
2025-10-06 10:54:22,176 - uat_tool.presentation.controllers.main_controller - INFO - Controladores de pestañas inicializados: ['bugs', 'campaigns', 'test_management', 'requirements', 'assets']
2025-10-06 10:54:22,177 - uat_tool.presentation.controllers.base_tab_controller - INFO - Pestaña bugs activada
2025-10-06 10:54:22,178 - uat_tool.application.services.base_service - INFO - Operación 'get_all_for_table' en Bugs
2025-10-06 10:54:22,179 - uat_tool.application.services.base_service - INFO - Operación 'get_all' en Bugs
2025-10-06 10:54:22,194 - uat_tool.application.services.bug_service - ERROR - Error enriqueciendo bug 1 para tabla: BugTableDTO.from_service_dto() got an unexpected keyword argument 'created_at'
2025-10-06 10:54:22,194 - uat_tool.presentation.controllers.bug_tab_controller - INFO - 1 bugs obtenidos y enriquecidos
2025-10-06 10:54:22,196 - uat_tool.presentation.controllers.bug_tab_controller - INFO - Datos cargados para bugs: 1 items
2025-10-06 10:54:22,197 - uat_tool.presentation.controllers.main_controller - INFO - Cambiado a pestaña: bugs
2025-10-06 10:54:22,225 - __main__ - INFO - Aplicación lista
2025-10-06 10:54:22,226 - __main__ - INFO - Mostrando ventana principal...
2025-10-06 10:57:36,114 - uat_tool.presentation.controllers.main_controller - INFO - Cerrando controlador principal...
2025-10-06 10:57:36,115 - uat_tool.presentation.controllers.base_tab_controller - INFO - Cerrando controlador de bugs
2025-10-06 10:57:36,116 - presentation.controllers.base_tab_controller - INFO - Cerrando controlador de campaigns
2025-10-06 10:57:36,116 - presentation.controllers.base_tab_controller - INFO - Cerrando controlador de test_management
2025-10-06 10:57:36,117 - presentation.controllers.base_tab_controller - INFO - Cerrando controlador de requirements
2025-10-06 10:57:36,117 - presentation.controllers.base_tab_controller - INFO - Cerrando controlador de assets
2025-10-06 10:57:36,118 - uat_tool.presentation.controllers.main_controller - INFO - Controlador principal cerrado correctamente
2025-10-06 10:57:36,147 - __main__ - INFO - Aplicación finalizada
2025-10-06 10:57:36,148 - uat_tool.presentation.controllers.main_controller - INFO - Cerrando controlador principal...
2025-10-06 10:57:36,149 - uat_tool.presentation.controllers.main_controller - INFO - Controlador principal cerrado correctamente
2025-10-06 10:57:36,150 - uat_tool.application.app_context - INFO - Cerrando ApplicationContext...
2025-10-06 10:57:36,151 - uat_tool.application.app_context - INFO - ApplicationContext cerrado correctamente
2025-10-06 10:57:48,027 - __main__ - INFO - Inicializando UAT Tool...
2025-10-06 10:57:48,256 - __main__ - INFO - Configurando capa de aplicación...
2025-10-06 10:57:48,257 - uat_tool.application.app_context - INFO - Inicializando ApplicationContext...
2025-10-06 10:57:48,258 - uat_tool.application.app_context - INFO - Inicializando base de datos...
2025-10-06 10:57:48,424 - uat_tool.application.app_context - INFO - Base de datos inicializada correctamente
2025-10-06 10:57:48,425 - uat_tool.application.app_context - INFO - Inicializando servicios...
2025-10-06 10:57:48,426 - uat_tool.application.app_context - INFO - Servicios inicializados correctamente
2025-10-06 10:57:48,426 - uat_tool.application.app_context - INFO - ApplicationContext inicializado correctamente
2025-10-06 10:57:48,427 - __main__ - INFO - Configurando interfaz...
2025-10-06 10:57:48,427 - uat_tool.presentation.controllers.main_controller - INFO - Inicializando controlador principal...
2025-10-06 10:57:48,428 - uat_tool.presentation.controllers.main_controller - INFO - Inicializando controladores de pestañas...
2025-10-06 10:57:48,452 - uat_tool.presentation.controllers.main_controller - INFO - Controladores de pestañas inicializados: ['bugs', 'campaigns', 'test_management', 'requirements', 'assets']
2025-10-06 10:57:48,453 - uat_tool.presentation.controllers.base_tab_controller - INFO - Pestaña bugs activada
2025-10-06 10:57:48,455 - uat_tool.application.services.base_service - INFO - Operación 'get_all_for_table' en Bugs
2025-10-06 10:57:48,456 - uat_tool.application.services.base_service - INFO - Operación 'get_all' en Bugs
2025-10-06 10:57:48,469 - uat_tool.presentation.controllers.bug_tab_controller - INFO - 1 bugs obtenidos y enriquecidos
2025-10-06 10:57:48,470 - uat_tool.presentation.controllers.bug_tab_controller - INFO - Datos cargados para bugs: 1 items
2025-10-06 10:57:48,471 - uat_tool.presentation.controllers.main_controller - INFO - Cambiado a pestaña: bugs
2025-10-06 10:57:48,887 - __main__ - INFO - Aplicación lista
2025-10-06 10:57:48,888 - __main__ - INFO - Mostrando ventana principal...
2025-10-06 10:58:02,097 - uat_tool.presentation.controllers.main_controller - INFO - Cerrando controlador principal...
2025-10-06 10:58:02,098 - uat_tool.presentation.controllers.base_tab_controller - INFO - Cerrando controlador de bugs
2025-10-06 10:58:02,098 - presentation.controllers.base_tab_controller - INFO - Cerrando controlador de campaigns
2025-10-06 10:58:02,099 - presentation.controllers.base_tab_controller - INFO - Cerrando controlador de test_management
2025-10-06 10:58:02,101 - presentation.controllers.base_tab_controller - INFO - Cerrando controlador de requirements
2025-10-06 10:58:02,102 - presentation.controllers.base_tab_controller - INFO - Cerrando controlador de assets
2025-10-06 10:58:02,102 - uat_tool.presentation.controllers.main_controller - INFO - Controlador principal cerrado correctamente
2025-10-06 10:58:02,132 - __main__ - INFO - Aplicación finalizada
2025-10-06 10:58:02,134 - uat_tool.presentation.controllers.main_controller - INFO - Cerrando controlador principal...
2025-10-06 10:58:02,135 - uat_tool.presentation.controllers.main_controller - INFO - Controlador principal cerrado correctamente
2025-10-06 10:58:02,136 - uat_tool.application.app_context - INFO - Cerrando ApplicationContext...
2025-10-06 10:58:02,137 - uat_tool.application.app_context - INFO - ApplicationContext cerrado correctamente
2025-10-06 10:58:53,142 - __main__ - INFO - Inicializando UAT Tool...
2025-10-06 10:58:53,179 - __main__ - INFO - Configurando capa de aplicación...
2025-10-06 10:58:53,180 - uat_tool.application.app_context - INFO - Inicializando ApplicationContext...
2025-10-06 10:58:53,181 - uat_tool.application.app_context - INFO - Inicializando base de datos...
2025-10-06 10:58:53,317 - uat_tool.application.app_context - INFO - Base de datos inicializada correctamente
2025-10-06 10:58:53,318 - uat_tool.application.app_context - INFO - Inicializando servicios...
2025-10-06 10:58:53,319 - uat_tool.application.app_context - INFO - Servicios inicializados correctamente
2025-10-06 10:58:53,319 - uat_tool.application.app_context - INFO - ApplicationContext inicializado correctamente
2025-10-06 10:58:53,319 - __main__ - INFO - Configurando interfaz...
2025-10-06 10:58:53,320 - uat_tool.presentation.controllers.main_controller - INFO - Inicializando controlador principal...
2025-10-06 10:58:53,321 - uat_tool.presentation.controllers.main_controller - INFO - Inicializando controladores de pestañas...
2025-10-06 10:58:53,329 - uat_tool.presentation.controllers.main_controller - INFO - Controladores de pestañas inicializados: ['bugs', 'campaigns', 'test_management', 'requirements', 'assets']
2025-10-06 10:58:53,329 - uat_tool.presentation.controllers.base_tab_controller - INFO - Pestaña bugs activada
2025-10-06 10:58:53,330 - uat_tool.application.services.base_service - INFO - Operación 'get_all_for_table' en Bugs
2025-10-06 10:58:53,331 - uat_tool.application.services.base_service - INFO - Operación 'get_all' en Bugs
2025-10-06 10:58:53,346 - uat_tool.presentation.controllers.bug_tab_controller - INFO - 1 bugs obtenidos y enriquecidos
2025-10-06 10:58:53,348 - uat_tool.presentation.controllers.bug_tab_controller - INFO - Datos cargados para bugs: 1 items
2025-10-06 10:58:53,349 - uat_tool.presentation.controllers.main_controller - INFO - Cambiado a pestaña: bugs
2025-10-06 10:58:53,383 - __main__ - INFO - Aplicación lista
2025-10-06 10:58:53,384 - __main__ - INFO - Mostrando ventana principal...
2025-10-06 10:59:04,386 - uat_tool.presentation.controllers.main_controller - INFO - Cerrando controlador principal...
2025-10-06 10:59:04,387 - uat_tool.presentation.controllers.base_tab_controller - INFO - Cerrando controlador de bugs
2025-10-06 10:59:04,387 - presentation.controllers.base_tab_controller - INFO - Cerrando controlador de campaigns
2025-10-06 10:59:04,388 - presentation.controllers.base_tab_controller - INFO - Cerrando controlador de test_management
2025-10-06 10:59:04,389 - presentation.controllers.base_tab_controller - INFO - Cerrando controlador de requirements
2025-10-06 10:59:04,389 - presentation.controllers.base_tab_controller - INFO - Cerrando controlador de assets
2025-10-06 10:59:04,390 - uat_tool.presentation.controllers.main_controller - INFO - Controlador principal cerrado correctamente
2025-10-06 10:59:04,415 - __main__ - INFO - Aplicación finalizada
2025-10-06 10:59:04,416 - uat_tool.presentation.controllers.main_controller - INFO - Cerrando controlador principal...
2025-10-06 10:59:04,417 - uat_tool.presentation.controllers.main_controller - INFO - Controlador principal cerrado correctamente
2025-10-06 10:59:04,418 - uat_tool.application.app_context - INFO - Cerrando ApplicationContext...
2025-10-06 10:59:04,419 - uat_tool.application.app_context - INFO - ApplicationContext cerrado correctamente
2025-10-06 10:59:39,316 - __main__ - INFO - Inicializando UAT Tool...
2025-10-06 10:59:39,346 - __main__ - INFO - Configurando capa de aplicación...
2025-10-06 10:59:39,347 - uat_tool.application.app_context - INFO - Inicializando ApplicationContext...
2025-10-06 10:59:39,347 - uat_tool.application.app_context - INFO - Inicializando base de datos...
2025-10-06 10:59:39,477 - uat_tool.application.app_context - INFO - Base de datos inicializada correctamente
2025-10-06 10:59:39,478 - uat_tool.application.app_context - INFO - Inicializando servicios...
2025-10-06 10:59:39,479 - uat_tool.application.app_context - INFO - Servicios inicializados correctamente
2025-10-06 10:59:39,479 - uat_tool.application.app_context - INFO - ApplicationContext inicializado correctamente
2025-10-06 10:59:39,480 - __main__ - INFO - Configurando interfaz...
2025-10-06 10:59:39,480 - uat_tool.presentation.controllers.main_controller - INFO - Inicializando controlador principal...
2025-10-06 10:59:39,481 - uat_tool.presentation.controllers.main_controller - INFO - Inicializando controladores de pestañas...
2025-10-06 10:59:39,490 - uat_tool.presentation.controllers.main_controller - INFO - Controladores de pestañas inicializados: ['bugs', 'campaigns', 'test_management', 'requirements', 'assets']
2025-10-06 10:59:39,491 - uat_tool.presentation.controllers.base_tab_controller - INFO - Pestaña bugs activada
2025-10-06 10:59:39,492 - uat_tool.application.services.base_service - INFO - Operación 'get_all_for_table' en Bugs
2025-10-06 10:59:39,493 - uat_tool.application.services.base_service - INFO - Operación 'get_all' en Bugs
2025-10-06 10:59:39,507 - uat_tool.presentation.controllers.bug_tab_controller - INFO - 1 bugs obtenidos y enriquecidos
2025-10-06 10:59:39,509 - uat_tool.presentation.controllers.bug_tab_controller - INFO - Datos cargados para bugs: 1 items
2025-10-06 10:59:39,509 - uat_tool.presentation.controllers.main_controller - INFO - Cambiado a pestaña: bugs
2025-10-06 10:59:39,533 - __main__ - INFO - Aplicación lista
2025-10-06 10:59:39,533 - __main__ - INFO - Mostrando ventana principal...
2025-10-06 11:00:54,336 - uat_tool.presentation.controllers.main_controller - INFO - Cerrando controlador principal...
2025-10-06 11:00:54,337 - uat_tool.presentation.controllers.base_tab_controller - INFO - Cerrando controlador de bugs
2025-10-06 11:00:54,338 - presentation.controllers.base_tab_controller - INFO - Cerrando controlador de campaigns
2025-10-06 11:00:54,338 - presentation.controllers.base_tab_controller - INFO - Cerrando controlador de test_management
2025-10-06 11:00:54,339 - presentation.controllers.base_tab_controller - INFO - Cerrando controlador de requirements
2025-10-06 11:00:54,339 - presentation.controllers.base_tab_controller - INFO - Cerrando controlador de assets
2025-10-06 11:00:54,340 - uat_tool.presentation.controllers.main_controller - INFO - Controlador principal cerrado correctamente
2025-10-06 11:00:54,373 - __main__ - INFO - Aplicación finalizada
2025-10-06 11:00:54,375 - uat_tool.presentation.controllers.main_controller - INFO - Cerrando controlador principal...
2025-10-06 11:00:54,376 - uat_tool.presentation.controllers.main_controller - INFO - Controlador principal cerrado correctamente
2025-10-06 11:00:54,377 - uat_tool.application.app_context - INFO - Cerrando ApplicationContext...
2025-10-06 11:00:54,378 - uat_tool.application.app_context - INFO - ApplicationContext cerrado correctamente
2025-10-06 11:22:41,741 - __main__ - INFO - Inicializando UAT Tool...
2025-10-06 11:22:42,176 - __main__ - INFO - Configurando capa de aplicación...
2025-10-06 11:22:42,176 - uat_tool.application.app_context - INFO - Inicializando ApplicationContext...
2025-10-06 11:22:42,176 - uat_tool.application.app_context - INFO - Inicializando base de datos...
2025-10-06 11:22:42,462 - uat_tool.application.app_context - INFO - Base de datos inicializada correctamente
2025-10-06 11:22:42,462 - uat_tool.application.app_context - INFO - Inicializando servicios...
2025-10-06 11:22:42,462 - uat_tool.application.app_context - INFO - Servicios inicializados correctamente
2025-10-06 11:22:42,462 - uat_tool.application.app_context - INFO - ApplicationContext inicializado correctamente
2025-10-06 11:22:42,462 - __main__ - INFO - Configurando interfaz...
2025-10-06 11:22:42,462 - uat_tool.presentation.controllers.main_controller - INFO - Inicializando controlador principal...
2025-10-06 11:22:42,462 - uat_tool.presentation.controllers.main_controller - INFO - Inicializando controladores de pestañas...
2025-10-06 11:22:42,482 - uat_tool.presentation.controllers.main_controller - INFO - Controladores de pestañas inicializados: ['bugs', 'campaigns', 'test_management', 'requirements', 'assets']
2025-10-06 11:22:42,482 - uat_tool.presentation.controllers.base_tab_controller - INFO - Pestaña bugs activada
2025-10-06 11:22:42,482 - uat_tool.application.services.base_service - INFO - Operación 'get_all_for_table' en Bugs
2025-10-06 11:22:42,482 - uat_tool.application.services.base_service - INFO - Operación 'get_all' en Bugs
2025-10-06 11:22:42,501 - uat_tool.presentation.controllers.bug_tab_controller - INFO - 1 bugs obtenidos y enriquecidos
2025-10-06 11:22:42,503 - uat_tool.presentation.controllers.bug_tab_controller - INFO - Datos cargados para bugs: 1 items
2025-10-06 11:22:42,503 - uat_tool.presentation.controllers.main_controller - INFO - Cambiado a pestaña: bugs
2025-10-06 11:22:43,155 - __main__ - INFO - Aplicación lista
2025-10-06 11:22:43,163 - __main__ - INFO - Mostrando ventana principal...
2025-10-06 11:23:04,385 - uat_tool.presentation.controllers.main_controller - INFO - Cerrando controlador principal...
2025-10-06 11:23:04,386 - uat_tool.presentation.controllers.base_tab_controller - INFO - Cerrando controlador de bugs
2025-10-06 11:23:04,389 - presentation.controllers.base_tab_controller - INFO - Cerrando controlador de campaigns
2025-10-06 11:23:04,390 - presentation.controllers.base_tab_controller - INFO - Cerrando controlador de test_management
2025-10-06 11:23:04,391 - presentation.controllers.base_tab_controller - INFO - Cerrando controlador de requirements
2025-10-06 11:23:04,393 - presentation.controllers.base_tab_controller - INFO - Cerrando controlador de assets
2025-10-06 11:23:04,394 - uat_tool.presentation.controllers.main_controller - INFO - Controlador principal cerrado correctamente
2025-10-06 11:23:04,435 - __main__ - INFO - Aplicación finalizada
2025-10-06 11:23:04,437 - uat_tool.presentation.controllers.main_controller - INFO - Cerrando controlador principal...
2025-10-06 11:23:04,438 - uat_tool.presentation.controllers.main_controller - INFO - Controlador principal cerrado correctamente
2025-10-06 11:23:04,454 - uat_tool.application.app_context - INFO - Cerrando ApplicationContext...
2025-10-06 11:23:04,457 - uat_tool.application.app_context - INFO - ApplicationContext cerrado correctamente
2025-10-06 11:23:50,915 - __main__ - INFO - Inicializando UAT Tool...
2025-10-06 11:23:50,962 - __main__ - INFO - Configurando capa de aplicación...
2025-10-06 11:23:50,963 - uat_tool.application.app_context - INFO - Inicializando ApplicationContext...
2025-10-06 11:23:50,963 - uat_tool.application.app_context - INFO - Inicializando base de datos...
2025-10-06 11:23:51,170 - uat_tool.application.app_context - INFO - Base de datos inicializada correctamente
2025-10-06 11:23:51,172 - uat_tool.application.app_context - INFO - Inicializando servicios...
2025-10-06 11:23:51,173 - uat_tool.application.app_context - INFO - Servicios inicializados correctamente
2025-10-06 11:23:51,174 - uat_tool.application.app_context - INFO - ApplicationContext inicializado correctamente
2025-10-06 11:23:51,175 - __main__ - INFO - Configurando interfaz...
2025-10-06 11:23:51,176 - uat_tool.presentation.controllers.main_controller - INFO - Inicializando controlador principal...
2025-10-06 11:23:51,177 - uat_tool.presentation.controllers.main_controller - INFO - Inicializando controladores de pestañas...
2025-10-06 11:23:51,187 - uat_tool.presentation.controllers.main_controller - INFO - Controladores de pestañas inicializados: ['bugs', 'campaigns', 'test_management', 'requirements', 'assets']
2025-10-06 11:23:51,188 - uat_tool.presentation.controllers.base_tab_controller - INFO - Pestaña bugs activada
2025-10-06 11:23:51,189 - uat_tool.application.services.base_service - INFO - Operación 'get_all_for_table' en Bugs
2025-10-06 11:23:51,189 - uat_tool.application.services.base_service - INFO - Operación 'get_all' en Bugs
2025-10-06 11:23:51,213 - uat_tool.presentation.controllers.bug_tab_controller - INFO - 1 bugs obtenidos y enriquecidos
2025-10-06 11:23:51,215 - uat_tool.presentation.controllers.bug_tab_controller - INFO - Datos cargados para bugs: 1 items
2025-10-06 11:23:51,216 - uat_tool.presentation.controllers.main_controller - INFO - Cambiado a pestaña: bugs
2025-10-06 11:23:51,253 - __main__ - INFO - Aplicación lista
2025-10-06 11:23:51,254 - __main__ - INFO - Mostrando ventana principal...
2025-10-06 11:24:31,535 - uat_tool.presentation.controllers.main_controller - INFO - Cerrando controlador principal...
2025-10-06 11:24:31,536 - uat_tool.presentation.controllers.base_tab_controller - INFO - Cerrando controlador de bugs
2025-10-06 11:24:31,538 - presentation.controllers.base_tab_controller - INFO - Cerrando controlador de campaigns
2025-10-06 11:24:31,539 - presentation.controllers.base_tab_controller - INFO - Cerrando controlador de test_management
2025-10-06 11:24:31,539 - presentation.controllers.base_tab_controller - INFO - Cerrando controlador de requirements
2025-10-06 11:24:31,541 - presentation.controllers.base_tab_controller - INFO - Cerrando controlador de assets
2025-10-06 11:24:31,543 - uat_tool.presentation.controllers.main_controller - INFO - Controlador principal cerrado correctamente
2025-10-06 11:24:31,580 - __main__ - INFO - Aplicación finalizada
2025-10-06 11:24:31,594 - uat_tool.presentation.controllers.main_controller - INFO - Cerrando controlador principal...
2025-10-06 11:24:31,599 - uat_tool.presentation.controllers.main_controller - INFO - Controlador principal cerrado correctamente
2025-10-06 11:24:31,602 - uat_tool.application.app_context - INFO - Cerrando ApplicationContext...
2025-10-06 11:24:31,603 - uat_tool.application.app_context - INFO - ApplicationContext cerrado correctamente
2025-10-06 11:26:26,305 - __main__ - INFO - Inicializando UAT Tool...
2025-10-06 11:26:26,347 - __main__ - INFO - Configurando capa de aplicación...
2025-10-06 11:26:26,347 - uat_tool.application.app_context - INFO - Inicializando ApplicationContext...
2025-10-06 11:26:26,347 - uat_tool.application.app_context - INFO - Inicializando base de datos...
2025-10-06 11:26:26,690 - uat_tool.application.app_context - INFO - Base de datos inicializada correctamente
2025-10-06 11:26:26,690 - uat_tool.application.app_context - INFO - Inicializando servicios...
2025-10-06 11:26:26,690 - uat_tool.application.app_context - INFO - Servicios inicializados correctamente
2025-10-06 11:26:26,690 - uat_tool.application.app_context - INFO - ApplicationContext inicializado correctamente
2025-10-06 11:26:26,690 - __main__ - INFO - Configurando interfaz...
